d:\oop\object-oriented-programming\lab10+\lab10+\x64\debug\dynamicvector.obj
d:\oop\object-oriented-programming\lab10+\lab10+\x64\debug\htmlplaylist.obj
d:\oop\object-oriented-programming\lab10+\lab10+\x64\debug\fakerepository.obj
d:\oop\object-oriented-programming\lab10+\lab10+\x64\debug\lab10.obj
d:\oop\object-oriented-programming\lab10+\lab10+\x64\debug\fakeplaylist.obj
d:\oop\object-oriented-programming\lab10+\lab10+\x64\debug\main.obj
d:\oop\object-oriented-programming\lab10+\lab10+\x64\debug\controller.obj
d:\oop\object-oriented-programming\lab10+\lab10+\x64\debug\validator.obj
d:\oop\object-oriented-programming\lab10+\lab10+\x64\debug\filerepository.obj
d:\oop\object-oriented-programming\lab10+\lab10+\x64\debug\tape.obj
d:\oop\object-oriented-programming\lab10+\lab10+\x64\debug\csvplaylist.obj
d:\oop\object-oriented-programming\lab10+\lab10+\x64\debug\fakevalidators.obj
d:\oop\object-oriented-programming\lab10+\lab10+\x64\debug\repository.obj
d:\oop\object-oriented-programming\lab10+\lab10+\x64\debug\fileplaylist.obj
d:\oop\object-oriented-programming\lab10+\lab10+\x64\debug\playlist.obj
d:\oop\object-oriented-programming\lab10+\lab10+\x64\debug\qrc_lab10.obj
d:\oop\object-oriented-programming\lab10+\lab10+\x64\debug\moc_lab10.obj
d:\oop\object-oriented-programming\lab10+\lab10+\x64\debug\vc141.pdb
d:\oop\object-oriented-programming\lab10+\lab10+\x64\debug\utils.obj
d:\oop\object-oriented-programming\lab10+\lab10+\generatedfiles\ui_lab10.h
d:\oop\object-oriented-programming\lab10+\lab10+\generatedfiles\qrc_lab10.cpp
d:\oop\object-oriented-programming\lab10+\lab10+\generatedfiles\debug\moc_lab10.cpp
d:\oop\object-oriented-programming\lab10+\x64\debug\lab10+.exe
d:\oop\object-oriented-programming\lab10+\x64\debug\lab10+.ilk
d:\oop\object-oriented-programming\lab10+\x64\debug\lab10+.pdb
d:\oop\object-oriented-programming\lab10+\lab10+\.\generatedfiles\debug\moc_lab10.cpp
d:\oop\object-oriented-programming\lab10+\lab10+\.\generatedfiles\qrc_lab10.cpp
d:\oop\object-oriented-programming\lab10+\lab10+\.\generatedfiles\ui_lab10.h
d:\oop\object-oriented-programming\lab10+\lab10+\x64\debug\lab10+.tlog\cl.command.1.tlog
d:\oop\object-oriented-programming\lab10+\lab10+\x64\debug\lab10+.tlog\cl.read.1.tlog
d:\oop\object-oriented-programming\lab10+\lab10+\x64\debug\lab10+.tlog\cl.write.1.tlog
d:\oop\object-oriented-programming\lab10+\lab10+\x64\debug\lab10+.tlog\lab10+.write.1u.tlog
d:\oop\object-oriented-programming\lab10+\lab10+\x64\debug\lab10+.tlog\link.command.1.tlog
d:\oop\object-oriented-programming\lab10+\lab10+\x64\debug\lab10+.tlog\link.read.1.tlog
d:\oop\object-oriented-programming\lab10+\lab10+\x64\debug\lab10+.tlog\link.write.1.tlog
d:\oop\object-oriented-programming\lab10+\lab10+\x64\debug\lab10+.tlog\moc.read.1u.tlog
d:\oop\object-oriented-programming\lab10+\lab10+\x64\debug\lab10+.tlog\moc.write.1u.tlog
d:\oop\object-oriented-programming\lab10+\lab10+\x64\debug\lab10+.tlog\rcc.read.1u.tlog
d:\oop\object-oriented-programming\lab10+\lab10+\x64\debug\lab10+.tlog\rcc.write.1u.tlog
d:\oop\object-oriented-programming\lab10+\lab10+\x64\debug\lab10+.tlog\uic.read.1u.tlog
d:\oop\object-oriented-programming\lab10+\lab10+\x64\debug\lab10+.tlog\uic.write.1u.tlog
