  Controller.c
  Profile.c
d:\facultate\semestrul 2\object-oriented-programming\object-oriented-programming\lab3-4final\lab34\lab34\profile.c(7): warning C4996: 'strcpy': This function or variable may be unsafe. Consider using strcpy_s instead. To disable deprecation, use _CRT_SECURE_NO_WARNINGS. See online help for details.
  c:\program files (x86)\windows kits\10\include\10.0.17763.0\ucrt\string.h(133): note: see declaration of 'strcpy'
d:\facultate\semestrul 2\object-oriented-programming\object-oriented-programming\lab3-4final\lab34\lab34\profile.c(9): warning C4996: 'strcpy': This function or variable may be unsafe. Consider using strcpy_s instead. To disable deprecation, use _CRT_SECURE_NO_WARNINGS. See online help for details.
  c:\program files (x86)\windows kits\10\include\10.0.17763.0\ucrt\string.h(133): note: see declaration of 'strcpy'
d:\facultate\semestrul 2\object-oriented-programming\object-oriented-programming\lab3-4final\lab34\lab34\profile.c(11): warning C4996: 'strcpy': This function or variable may be unsafe. Consider using strcpy_s instead. To disable deprecation, use _CRT_SECURE_NO_WARNINGS. See online help for details.
  c:\program files (x86)\windows kits\10\include\10.0.17763.0\ucrt\string.h(133): note: see declaration of 'strcpy'
d:\facultate\semestrul 2\object-oriented-programming\object-oriented-programming\lab3-4final\lab34\lab34\profile.c(50): warning C4996: 'strcpy': This function or variable may be unsafe. Consider using strcpy_s instead. To disable deprecation, use _CRT_SECURE_NO_WARNINGS. See online help for details.
  c:\program files (x86)\windows kits\10\include\10.0.17763.0\ucrt\string.h(133): note: see declaration of 'strcpy'
d:\facultate\semestrul 2\object-oriented-programming\object-oriented-programming\lab3-4final\lab34\lab34\profile.c(51): warning C4996: 'strcat': This function or variable may be unsafe. Consider using strcat_s instead. To disable deprecation, use _CRT_SECURE_NO_WARNINGS. See online help for details.
  c:\program files (x86)\windows kits\10\include\10.0.17763.0\ucrt\string.h(90): note: see declaration of 'strcat'
d:\facultate\semestrul 2\object-oriented-programming\object-oriented-programming\lab3-4final\lab34\lab34\profile.c(52): warning C4996: 'strcat': This function or variable may be unsafe. Consider using strcat_s instead. To disable deprecation, use _CRT_SECURE_NO_WARNINGS. See online help for details.
  c:\program files (x86)\windows kits\10\include\10.0.17763.0\ucrt\string.h(90): note: see declaration of 'strcat'
d:\facultate\semestrul 2\object-oriented-programming\object-oriented-programming\lab3-4final\lab34\lab34\profile.c(53): warning C4996: 'strcat': This function or variable may be unsafe. Consider using strcat_s instead. To disable deprecation, use _CRT_SECURE_NO_WARNINGS. See online help for details.
  c:\program files (x86)\windows kits\10\include\10.0.17763.0\ucrt\string.h(90): note: see declaration of 'strcat'
d:\facultate\semestrul 2\object-oriented-programming\object-oriented-programming\lab3-4final\lab34\lab34\profile.c(54): warning C4996: 'strcat': This function or variable may be unsafe. Consider using strcat_s instead. To disable deprecation, use _CRT_SECURE_NO_WARNINGS. See online help for details.
  c:\program files (x86)\windows kits\10\include\10.0.17763.0\ucrt\string.h(90): note: see declaration of 'strcat'
d:\facultate\semestrul 2\object-oriented-programming\object-oriented-programming\lab3-4final\lab34\lab34\profile.c(55): warning C4996: 'strcat': This function or variable may be unsafe. Consider using strcat_s instead. To disable deprecation, use _CRT_SECURE_NO_WARNINGS. See online help for details.
  c:\program files (x86)\windows kits\10\include\10.0.17763.0\ucrt\string.h(90): note: see declaration of 'strcat'
d:\facultate\semestrul 2\object-oriented-programming\object-oriented-programming\lab3-4final\lab34\lab34\profile.c(56): warning C4996: 'strcat': This function or variable may be unsafe. Consider using strcat_s instead. To disable deprecation, use _CRT_SECURE_NO_WARNINGS. See online help for details.
  c:\program files (x86)\windows kits\10\include\10.0.17763.0\ucrt\string.h(90): note: see declaration of 'strcat'
d:\facultate\semestrul 2\object-oriented-programming\object-oriented-programming\lab3-4final\lab34\lab34\profile.c(57): warning C4996: 'itoa': The POSIX name for this item is deprecated. Instead, use the ISO C and C++ conformant name: _itoa. See online help for details.
  c:\program files (x86)\windows kits\10\include\10.0.17763.0\ucrt\stdlib.h(1323): note: see declaration of 'itoa'
d:\facultate\semestrul 2\object-oriented-programming\object-oriented-programming\lab3-4final\lab34\lab34\profile.c(58): warning C4996: 'strcat': This function or variable may be unsafe. Consider using strcat_s instead. To disable deprecation, use _CRT_SECURE_NO_WARNINGS. See online help for details.
  c:\program files (x86)\windows kits\10\include\10.0.17763.0\ucrt\string.h(90): note: see declaration of 'strcat'
d:\facultate\semestrul 2\object-oriented-programming\object-oriented-programming\lab3-4final\lab34\lab34\profile.c(59): warning C4996: 'strcat': This function or variable may be unsafe. Consider using strcat_s instead. To disable deprecation, use _CRT_SECURE_NO_WARNINGS. See online help for details.
  c:\program files (x86)\windows kits\10\include\10.0.17763.0\ucrt\string.h(90): note: see declaration of 'strcat'
d:\facultate\semestrul 2\object-oriented-programming\object-oriented-programming\lab3-4final\lab34\lab34\profile.c(66): warning C4996: 'strcpy': This function or variable may be unsafe. Consider using strcpy_s instead. To disable deprecation, use _CRT_SECURE_NO_WARNINGS. See online help for details.
  c:\program files (x86)\windows kits\10\include\10.0.17763.0\ucrt\string.h(133): note: see declaration of 'strcpy'
d:\facultate\semestrul 2\object-oriented-programming\object-oriented-programming\lab3-4final\lab34\lab34\profile.c(68): warning C4996: 'strcpy': This function or variable may be unsafe. Consider using strcpy_s instead. To disable deprecation, use _CRT_SECURE_NO_WARNINGS. See online help for details.
  c:\program files (x86)\windows kits\10\include\10.0.17763.0\ucrt\string.h(133): note: see declaration of 'strcpy'
d:\facultate\semestrul 2\object-oriented-programming\object-oriented-programming\lab3-4final\lab34\lab34\profile.c(70): warning C4996: 'strcpy': This function or variable may be unsafe. Consider using strcpy_s instead. To disable deprecation, use _CRT_SECURE_NO_WARNINGS. See online help for details.
  c:\program files (x86)\windows kits\10\include\10.0.17763.0\ucrt\string.h(133): note: see declaration of 'strcpy'
  Repository.c
  Source.c
  Tests.c
  UserInterface.c
d:\facultate\semestrul 2\object-oriented-programming\object-oriented-programming\lab3-4final\lab34\lab34\userinterface.c(8): warning C4996: 'strtok': This function or variable may be unsafe. Consider using strtok_s instead. To disable deprecation, use _CRT_SECURE_NO_WARNINGS. See online help for details.
  c:\program files (x86)\windows kits\10\include\10.0.17763.0\ucrt\string.h(440): note: see declaration of 'strtok'
d:\facultate\semestrul 2\object-oriented-programming\object-oriented-programming\lab3-4final\lab34\lab34\userinterface.c(13): warning C4996: 'strcpy': This function or variable may be unsafe. Consider using strcpy_s instead. To disable deprecation, use _CRT_SECURE_NO_WARNINGS. See online help for details.
  c:\program files (x86)\windows kits\10\include\10.0.17763.0\ucrt\string.h(133): note: see declaration of 'strcpy'
d:\facultate\semestrul 2\object-oriented-programming\object-oriented-programming\lab3-4final\lab34\lab34\userinterface.c(14): warning C4996: 'strtok': This function or variable may be unsafe. Consider using strtok_s instead. To disable deprecation, use _CRT_SECURE_NO_WARNINGS. See online help for details.
  c:\program files (x86)\windows kits\10\include\10.0.17763.0\ucrt\string.h(440): note: see declaration of 'strtok'
d:\facultate\semestrul 2\object-oriented-programming\object-oriented-programming\lab3-4final\lab34\lab34\userinterface.c(18): warning C4996: 'strcpy': This function or variable may be unsafe. Consider using strcpy_s instead. To disable deprecation, use _CRT_SECURE_NO_WARNINGS. See online help for details.
  c:\program files (x86)\windows kits\10\include\10.0.17763.0\ucrt\string.h(133): note: see declaration of 'strcpy'
d:\facultate\semestrul 2\object-oriented-programming\object-oriented-programming\lab3-4final\lab34\lab34\userinterface.c(19): warning C4996: 'strtok': This function or variable may be unsafe. Consider using strtok_s instead. To disable deprecation, use _CRT_SECURE_NO_WARNINGS. See online help for details.
  c:\program files (x86)\windows kits\10\include\10.0.17763.0\ucrt\string.h(440): note: see declaration of 'strtok'
d:\facultate\semestrul 2\object-oriented-programming\object-oriented-programming\lab3-4final\lab34\lab34\userinterface.c(23): warning C4996: 'strcpy': This function or variable may be unsafe. Consider using strcpy_s instead. To disable deprecation, use _CRT_SECURE_NO_WARNINGS. See online help for details.
  c:\program files (x86)\windows kits\10\include\10.0.17763.0\ucrt\string.h(133): note: see declaration of 'strcpy'
d:\facultate\semestrul 2\object-oriented-programming\object-oriented-programming\lab3-4final\lab34\lab34\userinterface.c(24): warning C4996: 'strtok': This function or variable may be unsafe. Consider using strtok_s instead. To disable deprecation, use _CRT_SECURE_NO_WARNINGS. See online help for details.
  c:\program files (x86)\windows kits\10\include\10.0.17763.0\ucrt\string.h(440): note: see declaration of 'strtok'
d:\facultate\semestrul 2\object-oriented-programming\object-oriented-programming\lab3-4final\lab34\lab34\userinterface.c(28): warning C4996: 'strcpy': This function or variable may be unsafe. Consider using strcpy_s instead. To disable deprecation, use _CRT_SECURE_NO_WARNINGS. See online help for details.
  c:\program files (x86)\windows kits\10\include\10.0.17763.0\ucrt\string.h(133): note: see declaration of 'strcpy'
d:\facultate\semestrul 2\object-oriented-programming\object-oriented-programming\lab3-4final\lab34\lab34\userinterface.c(29): warning C4996: 'strtok': This function or variable may be unsafe. Consider using strtok_s instead. To disable deprecation, use _CRT_SECURE_NO_WARNINGS. See online help for details.
  c:\program files (x86)\windows kits\10\include\10.0.17763.0\ucrt\string.h(440): note: see declaration of 'strtok'
d:\facultate\semestrul 2\object-oriented-programming\object-oriented-programming\lab3-4final\lab34\lab34\userinterface.c(39): warning C4996: 'strtok': This function or variable may be unsafe. Consider using strtok_s instead. To disable deprecation, use _CRT_SECURE_NO_WARNINGS. See online help for details.
  c:\program files (x86)\windows kits\10\include\10.0.17763.0\ucrt\string.h(440): note: see declaration of 'strtok'
d:\facultate\semestrul 2\object-oriented-programming\object-oriented-programming\lab3-4final\lab34\lab34\userinterface.c(43): warning C4996: 'strcpy': This function or variable may be unsafe. Consider using strcpy_s instead. To disable deprecation, use _CRT_SECURE_NO_WARNINGS. See online help for details.
  c:\program files (x86)\windows kits\10\include\10.0.17763.0\ucrt\string.h(133): note: see declaration of 'strcpy'
d:\facultate\semestrul 2\object-oriented-programming\object-oriented-programming\lab3-4final\lab34\lab34\userinterface.c(44): warning C4996: 'strtok': This function or variable may be unsafe. Consider using strtok_s instead. To disable deprecation, use _CRT_SECURE_NO_WARNINGS. See online help for details.
  c:\program files (x86)\windows kits\10\include\10.0.17763.0\ucrt\string.h(440): note: see declaration of 'strtok'
d:\facultate\semestrul 2\object-oriented-programming\object-oriented-programming\lab3-4final\lab34\lab34\userinterface.c(48): warning C4996: 'strcpy': This function or variable may be unsafe. Consider using strcpy_s instead. To disable deprecation, use _CRT_SECURE_NO_WARNINGS. See online help for details.
  c:\program files (x86)\windows kits\10\include\10.0.17763.0\ucrt\string.h(133): note: see declaration of 'strcpy'
d:\facultate\semestrul 2\object-oriented-programming\object-oriented-programming\lab3-4final\lab34\lab34\userinterface.c(49): warning C4996: 'strtok': This function or variable may be unsafe. Consider using strtok_s instead. To disable deprecation, use _CRT_SECURE_NO_WARNINGS. See online help for details.
  c:\program files (x86)\windows kits\10\include\10.0.17763.0\ucrt\string.h(440): note: see declaration of 'strtok'
d:\facultate\semestrul 2\object-oriented-programming\object-oriented-programming\lab3-4final\lab34\lab34\userinterface.c(53): warning C4996: 'strcpy': This function or variable may be unsafe. Consider using strcpy_s instead. To disable deprecation, use _CRT_SECURE_NO_WARNINGS. See online help for details.
  c:\program files (x86)\windows kits\10\include\10.0.17763.0\ucrt\string.h(133): note: see declaration of 'strcpy'
d:\facultate\semestrul 2\object-oriented-programming\object-oriented-programming\lab3-4final\lab34\lab34\userinterface.c(54): warning C4996: 'strtok': This function or variable may be unsafe. Consider using strtok_s instead. To disable deprecation, use _CRT_SECURE_NO_WARNINGS. See online help for details.
  c:\program files (x86)\windows kits\10\include\10.0.17763.0\ucrt\string.h(440): note: see declaration of 'strtok'
d:\facultate\semestrul 2\object-oriented-programming\object-oriented-programming\lab3-4final\lab34\lab34\userinterface.c(58): warning C4996: 'strcpy': This function or variable may be unsafe. Consider using strcpy_s instead. To disable deprecation, use _CRT_SECURE_NO_WARNINGS. See online help for details.
  c:\program files (x86)\windows kits\10\include\10.0.17763.0\ucrt\string.h(133): note: see declaration of 'strcpy'
d:\facultate\semestrul 2\object-oriented-programming\object-oriented-programming\lab3-4final\lab34\lab34\userinterface.c(59): warning C4996: 'strtok': This function or variable may be unsafe. Consider using strtok_s instead. To disable deprecation, use _CRT_SECURE_NO_WARNINGS. See online help for details.
  c:\program files (x86)\windows kits\10\include\10.0.17763.0\ucrt\string.h(440): note: see declaration of 'strtok'
d:\facultate\semestrul 2\object-oriented-programming\object-oriented-programming\lab3-4final\lab34\lab34\userinterface.c(69): warning C4996: 'strtok': This function or variable may be unsafe. Consider using strtok_s instead. To disable deprecation, use _CRT_SECURE_NO_WARNINGS. See online help for details.
  c:\program files (x86)\windows kits\10\include\10.0.17763.0\ucrt\string.h(440): note: see declaration of 'strtok'
d:\facultate\semestrul 2\object-oriented-programming\object-oriented-programming\lab3-4final\lab34\lab34\userinterface.c(73): warning C4996: 'strcpy': This function or variable may be unsafe. Consider using strcpy_s instead. To disable deprecation, use _CRT_SECURE_NO_WARNINGS. See online help for details.
  c:\program files (x86)\windows kits\10\include\10.0.17763.0\ucrt\string.h(133): note: see declaration of 'strcpy'
d:\facultate\semestrul 2\object-oriented-programming\object-oriented-programming\lab3-4final\lab34\lab34\userinterface.c(74): warning C4996: 'strtok': This function or variable may be unsafe. Consider using strtok_s instead. To disable deprecation, use _CRT_SECURE_NO_WARNINGS. See online help for details.
  c:\program files (x86)\windows kits\10\include\10.0.17763.0\ucrt\string.h(440): note: see declaration of 'strtok'
d:\facultate\semestrul 2\object-oriented-programming\object-oriented-programming\lab3-4final\lab34\lab34\userinterface.c(86): warning C4996: 'strtok': This function or variable may be unsafe. Consider using strtok_s instead. To disable deprecation, use _CRT_SECURE_NO_WARNINGS. See online help for details.
  c:\program files (x86)\windows kits\10\include\10.0.17763.0\ucrt\string.h(440): note: see declaration of 'strtok'
d:\facultate\semestrul 2\object-oriented-programming\object-oriented-programming\lab3-4final\lab34\lab34\userinterface.c(92): warning C4996: 'strcpy': This function or variable may be unsafe. Consider using strcpy_s instead. To disable deprecation, use _CRT_SECURE_NO_WARNINGS. See online help for details.
  c:\program files (x86)\windows kits\10\include\10.0.17763.0\ucrt\string.h(133): note: see declaration of 'strcpy'
d:\facultate\semestrul 2\object-oriented-programming\object-oriented-programming\lab3-4final\lab34\lab34\userinterface.c(93): warning C4996: 'strtok': This function or variable may be unsafe. Consider using strtok_s instead. To disable deprecation, use _CRT_SECURE_NO_WARNINGS. See online help for details.
  c:\program files (x86)\windows kits\10\include\10.0.17763.0\ucrt\string.h(440): note: see declaration of 'strtok'
d:\facultate\semestrul 2\object-oriented-programming\object-oriented-programming\lab3-4final\lab34\lab34\userinterface.c(119): warning C4996: 'scanf': This function or variable may be unsafe. Consider using scanf_s instead. To disable deprecation, use _CRT_SECURE_NO_WARNINGS. See online help for details.
  c:\program files (x86)\windows kits\10\include\10.0.17763.0\ucrt\stdio.h(1274): note: see declaration of 'scanf'
d:\facultate\semestrul 2\object-oriented-programming\object-oriented-programming\lab3-4final\lab34\lab34\userinterface.c(121): warning C4996: 'strtok': This function or variable may be unsafe. Consider using strtok_s instead. To disable deprecation, use _CRT_SECURE_NO_WARNINGS. See online help for details.
  c:\program files (x86)\windows kits\10\include\10.0.17763.0\ucrt\string.h(440): note: see declaration of 'strtok'
d:\facultate\semestrul 2\object-oriented-programming\object-oriented-programming\lab3-4final\lab34\lab34\userinterface.c(123): warning C4996: 'strcpy': This function or variable may be unsafe. Consider using strcpy_s instead. To disable deprecation, use _CRT_SECURE_NO_WARNINGS. See online help for details.
  c:\program files (x86)\windows kits\10\include\10.0.17763.0\ucrt\string.h(133): note: see declaration of 'strcpy'
  Vector.c
  Generating Code...
  Lab34.vcxproj -> D:\Facultate\Semestrul 2\Object-Oriented-Programming\Object-Oriented-Programming\Lab3-4Final\Lab34\Debug\Lab34.exe
